\BOOKMARK [0][-]{chapter.1}{Introduction}{}% 1
\BOOKMARK [0][-]{chapter.2}{Theoretical Basics}{}% 2
\BOOKMARK [1][-]{section.2.1}{The Basics of Quantum Mechanics}{chapter.2}% 3
\BOOKMARK [2][-]{subsection.2.1.1}{State Vector Formalism}{section.2.1}% 4
\BOOKMARK [2][-]{subsection.2.1.2}{Density Matrix Formalism}{section.2.1}% 5
\BOOKMARK [2][-]{subsection.2.1.3}{Composite Systems}{section.2.1}% 6
\BOOKMARK [2][-]{subsection.2.1.4}{Entanglement}{section.2.1}% 7
\BOOKMARK [2][-]{subsection.2.1.5}{Pauli Matrices}{section.2.1}% 8
\BOOKMARK [2][-]{subsection.2.1.6}{Spin Chains}{section.2.1}% 9
\BOOKMARK [1][-]{section.2.2}{Basic notions of quantum thermodynamics}{chapter.2}% 10
\BOOKMARK [2][-]{subsection.2.2.1}{Thermal states}{section.2.2}% 11
\BOOKMARK [2][-]{subsection.2.2.2}{The first law of thermodynamics}{section.2.2}% 12
\BOOKMARK [1][-]{section.2.3}{Entropy and quantum information}{chapter.2}% 13
\BOOKMARK [2][-]{subsection.2.3.1}{Entropy and other related quantities}{section.2.3}% 14
\BOOKMARK [2][-]{subsection.2.3.2}{Limits to the flow of quantum information}{section.2.3}% 15
\BOOKMARK [0][-]{chapter.3}{Time Evolution of quantum spin chains}{}% 16
\BOOKMARK [1][-]{section.3.1}{Homogenous interaction}{chapter.3}% 17
\BOOKMARK [1][-]{section.3.2}{Perfect state transfer}{chapter.3}% 18
\BOOKMARK [1][-]{section.3.3}{Quantumn Correlations}{chapter.3}% 19
\BOOKMARK [2][-]{subsection.3.3.1}{Bell-State}{section.3.3}% 20
\BOOKMARK [2][-]{subsection.3.3.2}{Correlations}{section.3.3}% 21
\BOOKMARK [2][-]{subsection.3.3.3}{Thermal correlations at different positions in the chain}{section.3.3}% 22
\BOOKMARK [2][-]{subsection.3.3.4}{Dependence of the correlations on the Temperature}{section.3.3}% 23
\BOOKMARK [1][-]{section.3.4}{Different Maxima}{chapter.3}% 24
\BOOKMARK [1][-]{section.3.5}{Bound on information flow with correlations}{chapter.3}% 25
\BOOKMARK [1][-]{section.3.6}{Long range interactions}{chapter.3}% 26
